2021-06-03 11:06:43,374 [main] INFO PayPlusProject - ****Initiate Android Driver****
2021-06-03 11:06:43,417 [main] INFO PayPlusProject - ****Install the Privacy Agreement****
2021-06-03 11:06:46,021 [main] INFO PayPlusProject - ****Allowing LocationPrompt****
2021-06-03 11:06:54,115 [main] INFO PayPlusProject - ****Skipping On-boarding screens****
2021-06-03 11:06:56,338 [main] INFO PayPlusProject - ****Verifying the sign in page****
2021-06-03 11:06:56,989 [main] INFO PayPlusProject - ****Entering wallet details and sign in****
2021-06-03 11:07:07,568 [main] INFO PayPlusProject - ****Setting the PIN****
2021-06-03 11:07:10,433 [main] INFO PayPlusProject - ****Confirming the PIN****
2021-06-03 11:07:15,240 [main] INFO PayPlusProject - ****Acknowledging store reminder and Brightness ****
2021-06-03 11:07:22,519 [main] INFO PayPlusProject - ****Verifying the Pay screen****
2021-06-03 11:27:50,978 [main] INFO PayPlusProject - ****Initiate Android Driver****
2021-06-03 11:27:51,017 [main] INFO PayPlusProject - ****Install the Privacy Agreement****
2021-06-03 11:27:53,613 [main] INFO PayPlusProject - ****Allowing LocationPrompt****
2021-06-03 11:36:59,921 [main] INFO PayPlusProject - ****Initiate Android Driver****
2021-06-03 11:36:59,965 [main] INFO PayPlusProject - ****Install the Privacy Agreement****
2021-06-03 11:37:00,567 [main] INFO PayPlusProject - ****Allowing LocationPrompt****
2021-06-03 11:37:01,275 [main] INFO PayPlusProject - ****Skipping On-boarding screens****
2021-06-03 11:37:06,058 [main] INFO PayPlusProject - ****Click to display Sign in screen****
2021-06-03 11:37:06,714 [main] INFO PayPlusProject - ****Verifying the sign in page****
2021-06-03 11:59:13,491 [main] INFO PayPlusProject - ****App launched successfully****
2021-06-03 11:59:23,073 [main] INFO PayPlusProject - ****Sign-in page displayed****
2021-06-03 11:59:23,100 [main] INFO PayPlusProject - ****Provided wallet details****
2021-06-03 11:59:26,254 [main] INFO PayPlusProject - ****Clicked on sign in button****
2021-06-03 11:59:26,327 [main] INFO PayPlusProject - ****Set the PIN****
2021-06-03 11:59:40,746 [main] INFO PayPlusProject - ****Acknowledged Reminder and brightness prompts ****
2021-06-03 11:59:44,842 [main] INFO PayPlusProject - ****Pay screen validated successfully****
2021-06-03 11:59:44,894 [main] INFO PayPlusProject - ****Quit the driver****
2021-06-03 11:59:52,230 [main] INFO PayPlusProject - ****App launched successfully****
2021-06-03 12:00:00,082 [main] INFO PayPlusProject - ****Sign-in page displayed****
2021-06-03 12:00:00,102 [main] INFO PayPlusProject - ****Provided wallet details****
2021-06-03 12:00:04,156 [main] INFO PayPlusProject - ****Clicked on sign in button****
2021-06-03 12:00:04,228 [main] INFO PayPlusProject - ****Set the PIN****
2021-06-03 12:00:16,835 [main] INFO PayPlusProject - ****Acknowledged Reminder and brightness prompts ****
2021-06-03 12:00:20,941 [main] INFO PayPlusProject - ****Pay screen validated successfully****
2021-06-03 12:00:20,996 [main] INFO PayPlusProject - ****Quit the driver****
2021-06-03 12:00:28,500 [main] INFO PayPlusProject - ****App launched successfully****
2021-06-03 12:00:37,142 [main] INFO PayPlusProject - ****Sign-in page displayed****
2021-06-03 12:00:37,164 [main] INFO PayPlusProject - ****Provided wallet details****
2021-06-03 12:00:40,405 [main] INFO PayPlusProject - ****Clicked on sign in button****
2021-06-03 12:00:40,450 [main] INFO PayPlusProject - ****Set the PIN****
2021-06-03 12:00:53,142 [main] INFO PayPlusProject - ****Acknowledged Reminder and brightness prompts ****
2021-06-03 12:00:57,236 [main] INFO PayPlusProject - ****Pay screen validated successfully****
2021-06-03 12:00:57,304 [main] INFO PayPlusProject - ****Quit the driver****
2021-06-03 14:20:30,870 [main] INFO PayPlusProject - ****Initiate Android Driver****
2021-06-03 14:20:30,915 [main] INFO PayPlusProject - ****Install the Privacy Agreement****
2021-06-03 14:20:31,534 [main] INFO PayPlusProject - ****Allowing LocationPrompt****
2021-06-03 14:20:32,746 [main] INFO PayPlusProject - ****Skipping On-boarding screens****
2021-06-03 14:20:38,157 [main] INFO PayPlusProject - ****Click to display Sign in screen****
2021-06-03 14:20:38,969 [main] INFO PayPlusProject - ****Verifying the sign in page****
2021-06-03 14:21:56,189 [main] INFO PayPlusProject - ****Initiate Android Driver****
2021-06-03 14:21:56,240 [main] INFO PayPlusProject - ****Install the Privacy Agreement****
2021-06-03 14:21:56,831 [main] INFO PayPlusProject - ****Allowing LocationPrompt****
2021-06-03 14:21:57,526 [main] INFO PayPlusProject - ****Skipping On-boarding screens****
2021-06-03 14:22:03,072 [main] INFO PayPlusProject - ****Click to display Sign in screen****
2021-06-03 14:22:04,282 [main] INFO PayPlusProject - ****Verifying the sign in page****
2021-06-03 14:23:51,949 [main] INFO PayPlusProject - ****Initiate Android Driver****
2021-06-03 14:23:51,993 [main] INFO PayPlusProject - ****Install the Privacy Agreement****
2021-06-03 14:23:52,579 [main] INFO PayPlusProject - ****Allowing LocationPrompt****
2021-06-03 14:23:53,294 [main] INFO PayPlusProject - ****Skipping On-boarding screens****
2021-06-03 14:23:57,580 [main] INFO PayPlusProject - ****Click to display Sign in screen****
2021-06-03 14:23:58,742 [main] INFO PayPlusProject - ****Verifying the sign in page****
2021-06-03 14:25:04,306 [main] INFO PayPlusProject - ****Initiate Android Driver****
2021-06-03 14:25:04,354 [main] INFO PayPlusProject - ****Install the Privacy Agreement****
2021-06-03 14:25:04,940 [main] INFO PayPlusProject - ****Allowing LocationPrompt****
2021-06-03 14:25:05,641 [main] INFO PayPlusProject - ****Skipping On-boarding screens****
2021-06-03 14:25:11,124 [main] INFO PayPlusProject - ****Click to display Sign in screen****
2021-06-03 14:25:11,803 [main] INFO PayPlusProject - ****Verifying the sign in page****
